<?xml version="1.0" encoding="UTF-8"?>
<!-- Generated by org.testng.reporters.JUnitReportReporter -->
<testsuite hostname="OJAS00202" name="pageTest.UPageTest" tests="1" failures="0" timestamp="1 Nov 2019 09:59:42 GMT" time="13.348" errors="0">
  <testcase name="test" time="13.348" classname="pageTest.UPageTest"/>
</testsuite> <!-- pageTest.UPageTest -->
