<?xml version="1.0" encoding="UTF-8"?>
<!-- Generated by org.testng.reporters.JUnitReportReporter -->
<testsuite skipped="0" hostname="OJAS00202" name="pageTest.UPageTest" tests="1" failures="0" timestamp="2019-11-01T15:31:23 IST" time="13.770" errors="0">
  <testcase name="test" time="13.770" classname="pageTest.UPageTest"/>
</testsuite> <!-- pageTest.UPageTest -->
